0 info it worked if it ends with ok
1 verbose cli [
1 verbose cli   '/home/moringa/.nvm/versions/node/v18.6.0/bin/node',
1 verbose cli   '/home/moringa/.nvm/versions/node/v18.6.0/bin/npm',
1 verbose cli   'start'
1 verbose cli ]
2 info using npm@3.10.3
3 info using node@v18.6.0
4 verbose config Skipping project config: /home/moringa/.npmrc. (matches userconfig)
5 verbose stack Error: missing script: start
5 verbose stack     at run (/home/moringa/.nvm/versions/node/v18.6.0/lib/node_modules/npm/lib/run-script.js:151:19)
5 verbose stack     at /home/moringa/.nvm/versions/node/v18.6.0/lib/node_modules/npm/lib/run-script.js:61:5
5 verbose stack     at /home/moringa/.nvm/versions/node/v18.6.0/lib/node_modules/npm/node_modules/read-package-json/read-json.js:356:5
5 verbose stack     at checkBinReferences_ (/home/moringa/.nvm/versions/node/v18.6.0/lib/node_modules/npm/node_modules/read-package-json/read-json.js:320:45)
5 verbose stack     at final (/home/moringa/.nvm/versions/node/v18.6.0/lib/node_modules/npm/node_modules/read-package-json/read-json.js:354:3)
5 verbose stack     at then (/home/moringa/.nvm/versions/node/v18.6.0/lib/node_modules/npm/node_modules/read-package-json/read-json.js:124:5)
5 verbose stack     at ReadFileContext.<anonymous> (/home/moringa/.nvm/versions/node/v18.6.0/lib/node_modules/npm/node_modules/read-package-json/read-json.js:295:20)
5 verbose stack     at ReadFileContext.callback (/home/moringa/.nvm/versions/node/v18.6.0/lib/node_modules/npm/node_modules/graceful-fs/graceful-fs.js:78:16)
5 verbose stack     at FSReqCallback.readFileAfterOpen [as oncomplete] (node:fs:328:13)
6 verbose cwd /home/moringa/Desktop/Development/phase-3-running-ruby-code
7 error Linux 5.15.0-50-generic
8 error argv "/home/moringa/.nvm/versions/node/v18.6.0/bin/node" "/home/moringa/.nvm/versions/node/v18.6.0/bin/npm" "start"
9 error node v18.6.0
10 error npm  v3.10.3
11 error missing script: start
12 error If you need help, you may report this error at:
12 error     <https://github.com/npm/npm/issues>
13 verbose exit [ 1, true ]
